This is pdfTeX, Version 3.14159265-2.6-1.40.18 (MiKTeX 2.9.6600 64-bit) (preloaded format=pdflatex 2018.3.14)  15 JUN 2018 12:18
entering extended mode
**./report.tex
(report.tex
LaTeX2e <2017-04-15>
Babel <3.17> and hyphenation patterns for 75 language(s) loaded.
("C:\Program Files\MiKTeX 2.9\tex\latex\base\report.cls"
Document Class: report 2014/09/29 v1.4h Standard LaTeX document class
("C:\Program Files\MiKTeX 2.9\tex\latex\base\size10.clo"
File: size10.clo 2014/09/29 v1.4h Standard LaTeX file (size option)
)
\c@part=\count79
\c@chapter=\count80
\c@section=\count81
\c@subsection=\count82
\c@subsubsection=\count83
\c@paragraph=\count84
\c@subparagraph=\count85
\c@figure=\count86
\c@table=\count87
\abovecaptionskip=\skip41
\belowcaptionskip=\skip42
\bibindent=\dimen102
) (holtexbasic.sty
("C:\Program Files\MiKTeX 2.9\tex\latex\amsfonts\amssymb.sty"
Package: amssymb 2013/01/14 v3.01 AMS font symbols

("C:\Program Files\MiKTeX 2.9\tex\latex\amsfonts\amsfonts.sty"
Package: amsfonts 2013/01/14 v3.01 Basic AMSFonts support
\@emptytoks=\toks14
\symAMSa=\mathgroup4
\symAMSb=\mathgroup5
LaTeX Font Info:    Overwriting math alphabet `\mathfrak' in version `bold'
(Font)                  U/euf/m/n --> U/euf/b/n on input line 106.
))
("C:\Program Files\MiKTeX 2.9\tex\latex\base\makeidx.sty"
Package: makeidx 2014/09/29 v1.0m Standard LaTeX package
)
("C:\Program Files\MiKTeX 2.9\tex\latex\underscore\underscore.sty"
Package: underscore 2006/09/13
LaTeX Info: Redefining \_ on input line 42.
)
("C:\Program Files\MiKTeX 2.9\tex\latex\fancyvrb\fancyvrb.sty"
Package: fancyvrb 2008/02/07

Style option: `fancyvrb' v2.7a, with DG/SPQR fixes, and firstline=lastline fix 
<2008/02/07> (tvz) ("C:\Program Files\MiKTeX 2.9\tex\latex\graphics\keyval.sty"
Package: keyval 2014/10/28 v1.15 key=value parser (DPC)
\KV@toks@=\toks15
)
\FV@CodeLineNo=\count88
\FV@InFile=\read1
\FV@TabBox=\box26
\c@FancyVerbLine=\count89
\FV@StepNumber=\count90
\FV@OutFile=\write3
)) (report.aux)
\openout1 = `report.aux'.

LaTeX Font Info:    Checking defaults for OML/cmm/m/it on input line 15.
LaTeX Font Info:    ... okay on input line 15.
LaTeX Font Info:    Checking defaults for T1/cmr/m/n on input line 15.
LaTeX Font Info:    ... okay on input line 15.
LaTeX Font Info:    Checking defaults for OT1/cmr/m/n on input line 15.
LaTeX Font Info:    ... okay on input line 15.
LaTeX Font Info:    Checking defaults for OMS/cmsy/m/n on input line 15.
LaTeX Font Info:    ... okay on input line 15.
LaTeX Font Info:    Checking defaults for OMX/cmex/m/n on input line 15.
LaTeX Font Info:    ... okay on input line 15.
LaTeX Font Info:    Checking defaults for U/cmr/m/n on input line 15.
LaTeX Font Info:    ... okay on input line 15.
LaTeX Font Info:    Try loading font information for U+msa on input line 17.
 ("C:\Program Files\MiKTeX 2.9\tex\latex\amsfonts\umsa.fd"
File: umsa.fd 2013/01/14 v3.01 AMS symbols A
)
LaTeX Font Info:    Try loading font information for U+msb on input line 17.

("C:\Program Files\MiKTeX 2.9\tex\latex\amsfonts\umsb.fd"
File: umsb.fd 2013/01/14 v3.01 AMS symbols B
) [1

{C:/ProgramData/MiKTeX/2.9/pdftex/config/pdftex.map}]
Underfull \hbox (badness 10000) in paragraph at lines 25--34

 []

[1] [2] [3] [4]
Overfull \hbox (25.43427pt too wide) in paragraph at lines 217--218
[]\OT1/cmr/m/n/10 Note that in the goal, we ex-press $\OML/cmm/m/it/10 []\OT1/
cmr/m/n/10 (\OMS/cmsy/m/n/10 H\OT1/cmr/m/n/10 )$ as $([] \OT1/cmr/m/it/10 f [] 
[] h\OML/cmm/m/it/10 :[]\OT1/cmr/m/n/10 )\OML/cmm/m/it/10 :[]$\OT1/cmr/m/n/10 ,

 []


Overfull \hbox (48.02357pt too wide) in paragraph at lines 232--235
\OT1/cmr/m/n/10 We take the $(\OT1/cmr/m/it/10 g\OML/cmm/m/it/10 ; \OT1/cmr/m/i
t/10 h\OT1/cmr/m/n/10 )$ in the first the-o-rem to be $[] \OT1/cmr/m/it/10 f \O
T1/cmr/m/n/10 ([] \OT1/cmr/m/it/10 f [] [] h\OML/cmm/m/it/10 :[]\OT1/cmr/m/n/10
 ) []$
 []

[5]
Overfull \hbox (5.93254pt too wide) in paragraph at lines 271--272
[]\OT1/cmr/m/n/10 And also, ap-ply-ing the sec-ond lemma with $\OT1/cmr/m/it/10
 g  \OT1/cmr/m/n/10 =  [] \OT1/cmr/m/it/10 f [] [] h\OML/cmm/m/it/10 :[]$
 []

[6] [7]
LaTeX Font Info:    Try loading font information for U+euf on input line 364.
 ("C:\Program Files\MiKTeX 2.9\tex\latex\amsfonts\ueuf.fd"
File: ueuf.fd 2013/01/14 v3.01 Euler Fraktur
) [8] [9]
[10] [11] [12] [13]
Missing character: There is no Î in font cmr10!
Missing character: There is no “ in font cmr10!
Missing character: There is no Î in font cmr10!
Missing character: There is no “ in font cmr10!
Missing character: There is no Î in font cmr10!
Missing character: There is no “ in font cmr10!
Missing character: There is no Î in font cmr10!
Missing character: There is no “ in font cmr10!
 [14] [15] [16] [17] [18] [19] [20] [21] [22] [23] [24]
[25]
Overfull \hbox (17.18182pt too wide) in paragraph at lines 1171--1172
[]\OT1/cmr/m/n/10 If we use \OT1/cmtt/m/n/10 qexists_-tac \OT1/cmr/m/n/10 to sp
ec-ify the bisim-u-la-tion $\OML/cmm/m/it/10  [][] []: \OMS/cmsy/m/n/10 8 []\O
ML/cmm/m/it/10 : [] \U/euf/m/n/10 M [] \OML/cmm/m/it/10    \OMS/cmsy/m/n/10 (
[])
 []

[26] [27] [28] (report.aux) ) 
Here is how much of TeX's memory you used:
 1114 strings out of 493303
 14649 string characters out of 3138850
 78246 words of memory out of 3000000
 4690 multiletter control sequences out of 15000+200000
 15082 words of font info for 57 fonts, out of 3000000 for 9000
 1141 hyphenation exceptions out of 8191
 32i,9n,28p,1347b,189s stack positions out of 5000i,500n,10000p,200000b,50000s
<C:/Program Files/MiKTeX 2.9/fonts/type1/public/am
sfonts/cm/cmbx10.pfb><C:/Program Files/MiKTeX 2.9/fonts/type1/public/amsfonts/c
m/cmbx12.pfb><C:/Program Files/MiKTeX 2.9/fonts/type1/public/amsfonts/cm/cmmi10
.pfb><C:/Program Files/MiKTeX 2.9/fonts/type1/public/amsfonts/cm/cmmi12.pfb><C:
/Program Files/MiKTeX 2.9/fonts/type1/public/amsfonts/cm/cmmi7.pfb><C:/Program 
Files/MiKTeX 2.9/fonts/type1/public/amsfonts/cm/cmr10.pfb><C:/Program Files/MiK
TeX 2.9/fonts/type1/public/amsfonts/cm/cmr12.pfb><C:/Program Files/MiKTeX 2.9/f
onts/type1/public/amsfonts/cm/cmr17.pfb><C:/Program Files/MiKTeX 2.9/fonts/type
1/public/amsfonts/cm/cmr5.pfb><C:/Program Files/MiKTeX 2.9/fonts/type1/public/a
msfonts/cm/cmr7.pfb><C:/Program Files/MiKTeX 2.9/fonts/type1/public/amsfonts/cm
/cmr8.pfb><C:/Program Files/MiKTeX 2.9/fonts/type1/public/amsfonts/cm/cmss10.pf
b><C:/Program Files/MiKTeX 2.9/fonts/type1/public/amsfonts/cm/cmss9.pfb><C:/Pro
gram Files/MiKTeX 2.9/fonts/type1/public/amsfonts/cm/cmsy10.pfb><C:/Program Fil
es/MiKTeX 2.9/fonts/type1/public/amsfonts/cm/cmsy5.pfb><C:/Program Files/MiKTeX
 2.9/fonts/type1/public/amsfonts/cm/cmsy7.pfb><C:/Program Files/MiKTeX 2.9/font
s/type1/public/amsfonts/cm/cmsy8.pfb><C:/Program Files/MiKTeX 2.9/fonts/type1/p
ublic/amsfonts/cm/cmti10.pfb><C:/Program Files/MiKTeX 2.9/fonts/type1/public/am
sfonts/cm/cmti7.pfb><C:/Program Files/MiKTeX 2.9/fonts/type1/public/amsfonts/cm
/cmtt10.pfb><C:/Program Files/MiKTeX 2.9/fonts/type1/public/amsfonts/euler/eufm
10.pfb><C:/Program Files/MiKTeX 2.9/fonts/type1/public/amsfonts/symbols/msam10.
pfb>
Output written on report.pdf (29 pages, 333703 bytes).
PDF statistics:
 183 PDF objects out of 1000 (max. 8388607)
 0 named destinations out of 1000 (max. 500000)
 1 words of extra memory for PDF output out of 10000 (max. 10000000)

