This is pdfTeX, Version 3.14159265-2.6-1.40.20 (TeX Live 2019) (preloaded format=pdflatex 2019.6.17)  31 JUL 2019 19:24
entering extended mode
 restricted \write18 enabled.
 %&-line parsing enabled.
**report.tex
(./report.tex
LaTeX2e <2018-12-01>
(/usr/local/texlive/2019/texmf-dist/tex/latex/base/article.cls
Document Class: article 2018/09/03 v1.4i Standard LaTeX document class
(/usr/local/texlive/2019/texmf-dist/tex/latex/base/size10.clo
File: size10.clo 2018/09/03 v1.4i Standard LaTeX file (size option)
)
\c@part=\count80
\c@section=\count81
\c@subsection=\count82
\c@subsubsection=\count83
\c@paragraph=\count84
\c@subparagraph=\count85
\c@figure=\count86
\c@table=\count87
\abovecaptionskip=\skip41
\belowcaptionskip=\skip42
\bibindent=\dimen102
)
(/usr/local/texlive/2019/texmf-dist/tex/latex/geometry/geometry.sty
Package: geometry 2018/04/16 v5.8 Page Geometry

(/usr/local/texlive/2019/texmf-dist/tex/latex/graphics/keyval.sty
Package: keyval 2014/10/28 v1.15 key=value parser (DPC)
\KV@toks@=\toks14
)
(/usr/local/texlive/2019/texmf-dist/tex/generic/oberdiek/ifpdf.sty
Package: ifpdf 2018/09/07 v3.3 Provides the ifpdf switch
)
(/usr/local/texlive/2019/texmf-dist/tex/generic/oberdiek/ifvtex.sty
Package: ifvtex 2016/05/16 v1.6 Detect VTeX and its facilities (HO)
Package ifvtex Info: VTeX not detected.
)
(/usr/local/texlive/2019/texmf-dist/tex/generic/ifxetex/ifxetex.sty
Package: ifxetex 2010/09/12 v0.6 Provides ifxetex conditional
)
\Gm@cnth=\count88
\Gm@cntv=\count89
\c@Gm@tempcnt=\count90
\Gm@bindingoffset=\dimen103
\Gm@wd@mp=\dimen104
\Gm@odd@mp=\dimen105
\Gm@even@mp=\dimen106
\Gm@layoutwidth=\dimen107
\Gm@layoutheight=\dimen108
\Gm@layouthoffset=\dimen109
\Gm@layoutvoffset=\dimen110
\Gm@dimlist=\toks15
)
(./holtexbasic.sty
(/usr/local/texlive/2019/texmf-dist/tex/latex/amsfonts/amssymb.sty
Package: amssymb 2013/01/14 v3.01 AMS font symbols

(/usr/local/texlive/2019/texmf-dist/tex/latex/amsfonts/amsfonts.sty
Package: amsfonts 2013/01/14 v3.01 Basic AMSFonts support
\@emptytoks=\toks16
\symAMSa=\mathgroup4
\symAMSb=\mathgroup5
LaTeX Font Info:    Overwriting math alphabet `\mathfrak' in version `bold'
(Font)                  U/euf/m/n --> U/euf/b/n on input line 106.
))
(/usr/local/texlive/2019/texmf-dist/tex/latex/base/makeidx.sty
Package: makeidx 2014/09/29 v1.0m Standard LaTeX package
)
(/usr/local/texlive/2019/texmf-dist/tex/latex/underscore/underscore.sty
Package: underscore 2006/09/13
LaTeX Info: Redefining \_ on input line 42.
)
(/usr/local/texlive/2019/texmf-dist/tex/latex/fancyvrb/fancyvrb.sty
Package: fancyvrb 2019/01/15

Style option: `fancyvrb' v3.2a <2019/01/15> (tvz)
\FV@CodeLineNo=\count91
\FV@InFile=\read1
\FV@TabBox=\box27
\c@FancyVerbLine=\count92
\FV@StepNumber=\count93
\FV@OutFile=\write3
)
(/usr/local/texlive/2019/texmf-dist/tex/latex/amsmath/amsmath.sty
Package: amsmath 2018/12/01 v2.17b AMS math features
\@mathmargin=\skip43

For additional information on amsmath, use the `?' option.
(/usr/local/texlive/2019/texmf-dist/tex/latex/amsmath/amstext.sty
Package: amstext 2000/06/29 v2.01 AMS text

(/usr/local/texlive/2019/texmf-dist/tex/latex/amsmath/amsgen.sty
File: amsgen.sty 1999/11/30 v2.0 generic functions
\@emptytoks=\toks17
\ex@=\dimen111
))
(/usr/local/texlive/2019/texmf-dist/tex/latex/amsmath/amsbsy.sty
Package: amsbsy 1999/11/29 v1.2d Bold Symbols
\pmbraise@=\dimen112
)
(/usr/local/texlive/2019/texmf-dist/tex/latex/amsmath/amsopn.sty
Package: amsopn 2016/03/08 v2.02 operator names
)
\inf@bad=\count94
LaTeX Info: Redefining \frac on input line 223.
\uproot@=\count95
\leftroot@=\count96
LaTeX Info: Redefining \overline on input line 385.
\classnum@=\count97
\DOTSCASE@=\count98
LaTeX Info: Redefining \ldots on input line 482.
LaTeX Info: Redefining \dots on input line 485.
LaTeX Info: Redefining \cdots on input line 606.
\Mathstrutbox@=\box28
\strutbox@=\box29
\big@size=\dimen113
LaTeX Font Info:    Redeclaring font encoding OML on input line 729.
LaTeX Font Info:    Redeclaring font encoding OMS on input line 730.
\macc@depth=\count99
\c@MaxMatrixCols=\count100
\dotsspace@=\muskip10
\c@parentequation=\count101
\dspbrk@lvl=\count102
\tag@help=\toks18
\row@=\count103
\column@=\count104
\maxfields@=\count105
\andhelp@=\toks19
\eqnshift@=\dimen114
\alignsep@=\dimen115
\tagshift@=\dimen116
\tagwidth@=\dimen117
\totwidth@=\dimen118
\lineht@=\dimen119
\@envbody=\toks20
\multlinegap=\skip44
\multlinetaggap=\skip45
\mathdisplay@stack=\toks21
LaTeX Info: Redefining \[ on input line 2844.
LaTeX Info: Redefining \] on input line 2845.
))
(/usr/local/texlive/2019/texmf-dist/tex/latex/stmaryrd/stmaryrd.sty
Package: stmaryrd 1994/03/03 St Mary's Road symbol package
\symstmry=\mathgroup6
LaTeX Font Info:    Overwriting symbol font `stmry' in version `bold'
(Font)                  U/stmry/m/n --> U/stmry/b/n on input line 89.
)
(/usr/local/texlive/2019/texmf-dist/tex/latex/amscls/amsthm.sty
Package: amsthm 2017/10/31 v2.20.4
\thm@style=\toks22
\thm@bodyfont=\toks23
\thm@headfont=\toks24
\thm@notefont=\toks25
\thm@headpunct=\toks26
\thm@preskip=\skip46
\thm@postskip=\skip47
\thm@headsep=\skip48
\dth@everypar=\toks27
) (./proof.sty
Package: proof 1995/05/22
\inferLineSkip=\dimen120
\inferLabelSkip=\dimen121
\@LeftOffset=\dimen122
\@RightOffset=\dimen123
\@SavedLeftOffset=\dimen124
\UpperWidth=\dimen125
\LowerWidth=\dimen126
\LowerHeight=\dimen127
\UpperLeftOffset=\dimen128
\UpperRightOffset=\dimen129
\UpperCenter=\dimen130
\LowerCenter=\dimen131
\UpperAdjust=\dimen132
\RuleAdjust=\dimen133
\LowerAdjust=\dimen134
\RuleWidth=\dimen135
\HLabelAdjust=\dimen136
\VLabelAdjust=\dimen137
\WidthAdjust=\dimen138
\@UpperPart=\box30
\@LowerPart=\box31
\@LabelPart=\box32
\ResultBox=\box33
)
(/usr/local/texlive/2019/texmf-dist/tex/latex/pgf/frontendlayer/tikz.sty
(/usr/local/texlive/2019/texmf-dist/tex/latex/pgf/basiclayer/pgf.sty
(/usr/local/texlive/2019/texmf-dist/tex/latex/pgf/utilities/pgfrcs.sty
(/usr/local/texlive/2019/texmf-dist/tex/generic/pgf/utilities/pgfutil-common.te
x
\pgfutil@everybye=\toks28
\pgfutil@tempdima=\dimen139
\pgfutil@tempdimb=\dimen140

(/usr/local/texlive/2019/texmf-dist/tex/generic/pgf/utilities/pgfutil-common-li
sts.tex))
(/usr/local/texlive/2019/texmf-dist/tex/generic/pgf/utilities/pgfutil-latex.def
\pgfutil@abb=\box34
(/usr/local/texlive/2019/texmf-dist/tex/latex/ms/everyshi.sty
Package: everyshi 2001/05/15 v3.00 EveryShipout Package (MS)
))
(/usr/local/texlive/2019/texmf-dist/tex/generic/pgf/utilities/pgfrcs.code.tex
(/usr/local/texlive/2019/texmf-dist/tex/generic/pgf/pgf.revision.tex)
Package: pgfrcs 2019/04/04 v3.1.2 (3.1.2)
))
Package: pgf 2019/04/04 v3.1.2 (3.1.2)

(/usr/local/texlive/2019/texmf-dist/tex/latex/pgf/basiclayer/pgfcore.sty
(/usr/local/texlive/2019/texmf-dist/tex/latex/graphics/graphicx.sty
Package: graphicx 2017/06/01 v1.1a Enhanced LaTeX Graphics (DPC,SPQR)

(/usr/local/texlive/2019/texmf-dist/tex/latex/graphics/graphics.sty
Package: graphics 2017/06/25 v1.2c Standard LaTeX Graphics (DPC,SPQR)

(/usr/local/texlive/2019/texmf-dist/tex/latex/graphics/trig.sty
Package: trig 2016/01/03 v1.10 sin cos tan (DPC)
)
(/usr/local/texlive/2019/texmf-dist/tex/latex/graphics-cfg/graphics.cfg
File: graphics.cfg 2016/06/04 v1.11 sample graphics configuration
)
Package graphics Info: Driver file: pdftex.def on input line 99.

(/usr/local/texlive/2019/texmf-dist/tex/latex/graphics-def/pdftex.def
File: pdftex.def 2018/01/08 v1.0l Graphics/color driver for pdftex
))
\Gin@req@height=\dimen141
\Gin@req@width=\dimen142
)
(/usr/local/texlive/2019/texmf-dist/tex/latex/pgf/systemlayer/pgfsys.sty
(/usr/local/texlive/2019/texmf-dist/tex/generic/pgf/systemlayer/pgfsys.code.tex
Package: pgfsys 2019/04/04 v3.1.2 (3.1.2)
(/usr/local/texlive/2019/texmf-dist/tex/generic/pgf/utilities/pgfkeys.code.tex
\pgfkeys@pathtoks=\toks29
\pgfkeys@temptoks=\toks30

(/usr/local/texlive/2019/texmf-dist/tex/generic/pgf/utilities/pgfkeysfiltered.c
ode.tex
\pgfkeys@tmptoks=\toks31
))
\pgf@x=\dimen143
\pgf@y=\dimen144
\pgf@xa=\dimen145
\pgf@ya=\dimen146
\pgf@xb=\dimen147
\pgf@yb=\dimen148
\pgf@xc=\dimen149
\pgf@yc=\dimen150
\w@pgf@writea=\write4
\r@pgf@reada=\read2
\c@pgf@counta=\count106
\c@pgf@countb=\count107
\c@pgf@countc=\count108
\c@pgf@countd=\count109
\t@pgf@toka=\toks32
\t@pgf@tokb=\toks33
\t@pgf@tokc=\toks34
\pgf@sys@id@count=\count110

(/usr/local/texlive/2019/texmf-dist/tex/generic/pgf/systemlayer/pgf.cfg
File: pgf.cfg 2019/04/04 v3.1.2 (3.1.2)
)
Driver file for pgf: pgfsys-pdftex.def

(/usr/local/texlive/2019/texmf-dist/tex/generic/pgf/systemlayer/pgfsys-pdftex.d
ef
File: pgfsys-pdftex.def 2019/04/04 v3.1.2 (3.1.2)

(/usr/local/texlive/2019/texmf-dist/tex/generic/pgf/systemlayer/pgfsys-common-p
df.def
File: pgfsys-common-pdf.def 2019/04/04 v3.1.2 (3.1.2)
)))
(/usr/local/texlive/2019/texmf-dist/tex/generic/pgf/systemlayer/pgfsyssoftpath.
code.tex
File: pgfsyssoftpath.code.tex 2019/04/04 v3.1.2 (3.1.2)
\pgfsyssoftpath@smallbuffer@items=\count111
\pgfsyssoftpath@bigbuffer@items=\count112
)
(/usr/local/texlive/2019/texmf-dist/tex/generic/pgf/systemlayer/pgfsysprotocol.
code.tex
File: pgfsysprotocol.code.tex 2019/04/04 v3.1.2 (3.1.2)
)) (/usr/local/texlive/2019/texmf-dist/tex/latex/xcolor/xcolor.sty
Package: xcolor 2016/05/11 v2.12 LaTeX color extensions (UK)

(/usr/local/texlive/2019/texmf-dist/tex/latex/graphics-cfg/color.cfg
File: color.cfg 2016/01/02 v1.6 sample color configuration
)
Package xcolor Info: Driver file: pdftex.def on input line 225.
Package xcolor Info: Model `cmy' substituted by `cmy0' on input line 1348.
Package xcolor Info: Model `hsb' substituted by `rgb' on input line 1352.
Package xcolor Info: Model `RGB' extended on input line 1364.
Package xcolor Info: Model `HTML' substituted by `rgb' on input line 1366.
Package xcolor Info: Model `Hsb' substituted by `hsb' on input line 1367.
Package xcolor Info: Model `tHsb' substituted by `hsb' on input line 1368.
Package xcolor Info: Model `HSB' substituted by `hsb' on input line 1369.
Package xcolor Info: Model `Gray' substituted by `gray' on input line 1370.
Package xcolor Info: Model `wave' substituted by `hsb' on input line 1371.
)
(/usr/local/texlive/2019/texmf-dist/tex/generic/pgf/basiclayer/pgfcore.code.tex
Package: pgfcore 2019/04/04 v3.1.2 (3.1.2)
(/usr/local/texlive/2019/texmf-dist/tex/generic/pgf/math/pgfmath.code.tex
(/usr/local/texlive/2019/texmf-dist/tex/generic/pgf/math/pgfmathcalc.code.tex
(/usr/local/texlive/2019/texmf-dist/tex/generic/pgf/math/pgfmathutil.code.tex)
(/usr/local/texlive/2019/texmf-dist/tex/generic/pgf/math/pgfmathparser.code.tex
\pgfmath@dimen=\dimen151
\pgfmath@count=\count113
\pgfmath@box=\box35
\pgfmath@toks=\toks35
\pgfmath@stack@operand=\toks36
\pgfmath@stack@operation=\toks37
)
(/usr/local/texlive/2019/texmf-dist/tex/generic/pgf/math/pgfmathfunctions.code.
tex
(/usr/local/texlive/2019/texmf-dist/tex/generic/pgf/math/pgfmathfunctions.basic
.code.tex)
(/usr/local/texlive/2019/texmf-dist/tex/generic/pgf/math/pgfmathfunctions.trigo
nometric.code.tex)
(/usr/local/texlive/2019/texmf-dist/tex/generic/pgf/math/pgfmathfunctions.rando
m.code.tex)
(/usr/local/texlive/2019/texmf-dist/tex/generic/pgf/math/pgfmathfunctions.compa
rison.code.tex)
(/usr/local/texlive/2019/texmf-dist/tex/generic/pgf/math/pgfmathfunctions.base.
code.tex)
(/usr/local/texlive/2019/texmf-dist/tex/generic/pgf/math/pgfmathfunctions.round
.code.tex)
(/usr/local/texlive/2019/texmf-dist/tex/generic/pgf/math/pgfmathfunctions.misc.
code.tex)
(/usr/local/texlive/2019/texmf-dist/tex/generic/pgf/math/pgfmathfunctions.integ
erarithmetics.code.tex)))
(/usr/local/texlive/2019/texmf-dist/tex/generic/pgf/math/pgfmathfloat.code.tex
\c@pgfmathroundto@lastzeros=\count114
))
(/usr/local/texlive/2019/texmf-dist/tex/generic/pgf/basiclayer/pgfcorepoints.co
de.tex
File: pgfcorepoints.code.tex 2019/04/04 v3.1.2 (3.1.2)
\pgf@picminx=\dimen152
\pgf@picmaxx=\dimen153
\pgf@picminy=\dimen154
\pgf@picmaxy=\dimen155
\pgf@pathminx=\dimen156
\pgf@pathmaxx=\dimen157
\pgf@pathminy=\dimen158
\pgf@pathmaxy=\dimen159
\pgf@xx=\dimen160
\pgf@xy=\dimen161
\pgf@yx=\dimen162
\pgf@yy=\dimen163
\pgf@zx=\dimen164
\pgf@zy=\dimen165
)
(/usr/local/texlive/2019/texmf-dist/tex/generic/pgf/basiclayer/pgfcorepathconst
ruct.code.tex
File: pgfcorepathconstruct.code.tex 2019/04/04 v3.1.2 (3.1.2)
\pgf@path@lastx=\dimen166
\pgf@path@lasty=\dimen167
)
(/usr/local/texlive/2019/texmf-dist/tex/generic/pgf/basiclayer/pgfcorepathusage
.code.tex
File: pgfcorepathusage.code.tex 2019/04/04 v3.1.2 (3.1.2)
\pgf@shorten@end@additional=\dimen168
\pgf@shorten@start@additional=\dimen169
)
(/usr/local/texlive/2019/texmf-dist/tex/generic/pgf/basiclayer/pgfcorescopes.co
de.tex
File: pgfcorescopes.code.tex 2019/04/04 v3.1.2 (3.1.2)
\pgfpic=\box36
\pgf@hbox=\box37
\pgf@layerbox@main=\box38
\pgf@picture@serial@count=\count115
)
(/usr/local/texlive/2019/texmf-dist/tex/generic/pgf/basiclayer/pgfcoregraphicst
ate.code.tex
File: pgfcoregraphicstate.code.tex 2019/04/04 v3.1.2 (3.1.2)
\pgflinewidth=\dimen170
)
(/usr/local/texlive/2019/texmf-dist/tex/generic/pgf/basiclayer/pgfcoretransform
ations.code.tex
File: pgfcoretransformations.code.tex 2019/04/04 v3.1.2 (3.1.2)
\pgf@pt@x=\dimen171
\pgf@pt@y=\dimen172
\pgf@pt@temp=\dimen173
)
(/usr/local/texlive/2019/texmf-dist/tex/generic/pgf/basiclayer/pgfcorequick.cod
e.tex
File: pgfcorequick.code.tex 2019/04/04 v3.1.2 (3.1.2)
)
(/usr/local/texlive/2019/texmf-dist/tex/generic/pgf/basiclayer/pgfcoreobjects.c
ode.tex
File: pgfcoreobjects.code.tex 2019/04/04 v3.1.2 (3.1.2)
)
(/usr/local/texlive/2019/texmf-dist/tex/generic/pgf/basiclayer/pgfcorepathproce
ssing.code.tex
File: pgfcorepathprocessing.code.tex 2019/04/04 v3.1.2 (3.1.2)
)
(/usr/local/texlive/2019/texmf-dist/tex/generic/pgf/basiclayer/pgfcorearrows.co
de.tex
File: pgfcorearrows.code.tex 2019/04/04 v3.1.2 (3.1.2)
\pgfarrowsep=\dimen174
)
(/usr/local/texlive/2019/texmf-dist/tex/generic/pgf/basiclayer/pgfcoreshade.cod
e.tex
File: pgfcoreshade.code.tex 2019/04/04 v3.1.2 (3.1.2)
\pgf@max=\dimen175
\pgf@sys@shading@range@num=\count116
\pgf@shadingcount=\count117
)
(/usr/local/texlive/2019/texmf-dist/tex/generic/pgf/basiclayer/pgfcoreimage.cod
e.tex
File: pgfcoreimage.code.tex 2019/04/04 v3.1.2 (3.1.2)

(/usr/local/texlive/2019/texmf-dist/tex/generic/pgf/basiclayer/pgfcoreexternal.
code.tex
File: pgfcoreexternal.code.tex 2019/04/04 v3.1.2 (3.1.2)
\pgfexternal@startupbox=\box39
))
(/usr/local/texlive/2019/texmf-dist/tex/generic/pgf/basiclayer/pgfcorelayers.co
de.tex
File: pgfcorelayers.code.tex 2019/04/04 v3.1.2 (3.1.2)
)
(/usr/local/texlive/2019/texmf-dist/tex/generic/pgf/basiclayer/pgfcoretranspare
ncy.code.tex
File: pgfcoretransparency.code.tex 2019/04/04 v3.1.2 (3.1.2)
)
(/usr/local/texlive/2019/texmf-dist/tex/generic/pgf/basiclayer/pgfcorepatterns.
code.tex
File: pgfcorepatterns.code.tex 2019/04/04 v3.1.2 (3.1.2)
)
(/usr/local/texlive/2019/texmf-dist/tex/generic/pgf/basiclayer/pgfcorerdf.code.
tex
File: pgfcorerdf.code.tex 2019/04/04 v3.1.2 (3.1.2)
)))
(/usr/local/texlive/2019/texmf-dist/tex/generic/pgf/modules/pgfmoduleshapes.cod
e.tex
File: pgfmoduleshapes.code.tex 2019/04/04 v3.1.2 (3.1.2)
\pgfnodeparttextbox=\box40
)
(/usr/local/texlive/2019/texmf-dist/tex/generic/pgf/modules/pgfmoduleplot.code.
tex
File: pgfmoduleplot.code.tex 2019/04/04 v3.1.2 (3.1.2)
)
(/usr/local/texlive/2019/texmf-dist/tex/latex/pgf/compatibility/pgfcomp-version
-0-65.sty
Package: pgfcomp-version-0-65 2019/04/04 v3.1.2 (3.1.2)
\pgf@nodesepstart=\dimen176
\pgf@nodesepend=\dimen177
)
(/usr/local/texlive/2019/texmf-dist/tex/latex/pgf/compatibility/pgfcomp-version
-1-18.sty
Package: pgfcomp-version-1-18 2019/04/04 v3.1.2 (3.1.2)
))
(/usr/local/texlive/2019/texmf-dist/tex/latex/pgf/utilities/pgffor.sty
(/usr/local/texlive/2019/texmf-dist/tex/latex/pgf/utilities/pgfkeys.sty
(/usr/local/texlive/2019/texmf-dist/tex/generic/pgf/utilities/pgfkeys.code.tex)
) (/usr/local/texlive/2019/texmf-dist/tex/latex/pgf/math/pgfmath.sty
(/usr/local/texlive/2019/texmf-dist/tex/generic/pgf/math/pgfmath.code.tex))
(/usr/local/texlive/2019/texmf-dist/tex/generic/pgf/utilities/pgffor.code.tex
Package: pgffor 2019/04/04 v3.1.2 (3.1.2)

(/usr/local/texlive/2019/texmf-dist/tex/generic/pgf/math/pgfmath.code.tex)
\pgffor@iter=\dimen178
\pgffor@skip=\dimen179
\pgffor@stack=\toks38
\pgffor@toks=\toks39
))
(/usr/local/texlive/2019/texmf-dist/tex/generic/pgf/frontendlayer/tikz/tikz.cod
e.tex
Package: tikz 2019/04/04 v3.1.2 (3.1.2)

(/usr/local/texlive/2019/texmf-dist/tex/generic/pgf/libraries/pgflibraryplothan
dlers.code.tex
File: pgflibraryplothandlers.code.tex 2019/04/04 v3.1.2 (3.1.2)
\pgf@plot@mark@count=\count118
\pgfplotmarksize=\dimen180
)
\tikz@lastx=\dimen181
\tikz@lasty=\dimen182
\tikz@lastxsaved=\dimen183
\tikz@lastysaved=\dimen184
\tikzleveldistance=\dimen185
\tikzsiblingdistance=\dimen186
\tikz@figbox=\box41
\tikz@figbox@bg=\box42
\tikz@tempbox=\box43
\tikz@tempbox@bg=\box44
\tikztreelevel=\count119
\tikznumberofchildren=\count120
\tikznumberofcurrentchild=\count121
\tikz@fig@count=\count122

(/usr/local/texlive/2019/texmf-dist/tex/generic/pgf/modules/pgfmodulematrix.cod
e.tex
File: pgfmodulematrix.code.tex 2019/04/04 v3.1.2 (3.1.2)
\pgfmatrixcurrentrow=\count123
\pgfmatrixcurrentcolumn=\count124
\pgf@matrix@numberofcolumns=\count125
)
\tikz@expandcount=\count126

(/usr/local/texlive/2019/texmf-dist/tex/generic/pgf/frontendlayer/tikz/librarie
s/tikzlibrarytopaths.code.tex
File: tikzlibrarytopaths.code.tex 2019/04/04 v3.1.2 (3.1.2)
)))
(/usr/local/texlive/2019/texmf-dist/tex/generic/pgf/frontendlayer/tikz/librarie
s/tikzlibrarycalc.code.tex
File: tikzlibrarycalc.code.tex 2019/04/04 v3.1.2 (3.1.2)
)
(/usr/local/texlive/2019/texmf-dist/tex/generic/pgf/frontendlayer/tikz/librarie
s/tikzlibrarypositioning.code.tex
File: tikzlibrarypositioning.code.tex 2019/04/04 v3.1.2 (3.1.2)
)
(/usr/local/texlive/2019/texmf-dist/tex/generic/pgf/frontendlayer/tikz/librarie
s/tikzlibraryshapes.code.tex
File: tikzlibraryshapes.code.tex 2019/04/04 v3.1.2 (3.1.2)

(/usr/local/texlive/2019/texmf-dist/tex/generic/pgf/frontendlayer/tikz/librarie
s/tikzlibraryshapes.geometric.code.tex
File: tikzlibraryshapes.geometric.code.tex 2019/04/04 v3.1.2 (3.1.2)

(/usr/local/texlive/2019/texmf-dist/tex/generic/pgf/libraries/shapes/pgflibrary
shapes.geometric.code.tex
File: pgflibraryshapes.geometric.code.tex 2019/04/04 v3.1.2 (3.1.2)
))
(/usr/local/texlive/2019/texmf-dist/tex/generic/pgf/frontendlayer/tikz/librarie
s/tikzlibraryshapes.misc.code.tex
File: tikzlibraryshapes.misc.code.tex 2019/04/04 v3.1.2 (3.1.2)

(/usr/local/texlive/2019/texmf-dist/tex/generic/pgf/libraries/shapes/pgflibrary
shapes.misc.code.tex
File: pgflibraryshapes.misc.code.tex 2019/04/04 v3.1.2 (3.1.2)
))
(/usr/local/texlive/2019/texmf-dist/tex/generic/pgf/frontendlayer/tikz/librarie
s/tikzlibraryshapes.symbols.code.tex
File: tikzlibraryshapes.symbols.code.tex 2019/04/04 v3.1.2 (3.1.2)

(/usr/local/texlive/2019/texmf-dist/tex/generic/pgf/libraries/shapes/pgflibrary
shapes.symbols.code.tex
File: pgflibraryshapes.symbols.code.tex 2019/04/04 v3.1.2 (3.1.2)
))
(/usr/local/texlive/2019/texmf-dist/tex/generic/pgf/frontendlayer/tikz/librarie
s/tikzlibraryshapes.arrows.code.tex
File: tikzlibraryshapes.arrows.code.tex 2019/04/04 v3.1.2 (3.1.2)

(/usr/local/texlive/2019/texmf-dist/tex/generic/pgf/libraries/shapes/pgflibrary
shapes.arrows.code.tex
File: pgflibraryshapes.arrows.code.tex 2019/04/04 v3.1.2 (3.1.2)
))
(/usr/local/texlive/2019/texmf-dist/tex/generic/pgf/frontendlayer/tikz/librarie
s/tikzlibraryshapes.callouts.code.tex
(/usr/local/texlive/2019/texmf-dist/tex/generic/pgf/libraries/shapes/pgflibrary
shapes.callouts.code.tex))
(/usr/local/texlive/2019/texmf-dist/tex/generic/pgf/frontendlayer/tikz/librarie
s/tikzlibraryshapes.multipart.code.tex
File: tikzlibraryshapes.multipart.code.tex 2019/04/04 v3.1.2 (3.1.2)

(/usr/local/texlive/2019/texmf-dist/tex/generic/pgf/libraries/shapes/pgflibrary
shapes.multipart.code.tex
File: pgflibraryshapes.multipart.code.tex 2019/04/04 v3.1.2 (3.1.2)
\pgfnodepartlowerbox=\box45
\pgfnodeparttwobox=\box46
\pgfnodepartthreebox=\box47
\pgfnodepartfourbox=\box48
\pgfnodeparttwentybox=\box49
\pgfnodepartnineteenbox=\box50
\pgfnodeparteighteenbox=\box51
\pgfnodepartseventeenbox=\box52
\pgfnodepartsixteenbox=\box53
\pgfnodepartfifteenbox=\box54
\pgfnodepartfourteenbox=\box55
\pgfnodepartthirteenbox=\box56
\pgfnodeparttwelvebox=\box57
\pgfnodepartelevenbox=\box58
\pgfnodeparttenbox=\box59
\pgfnodepartninebox=\box60
\pgfnodeparteightbox=\box61
\pgfnodepartsevenbox=\box62
\pgfnodepartsixbox=\box63
\pgfnodepartfivebox=\box64
)))
(/usr/local/texlive/2019/texmf-dist/tex/generic/pgf/frontendlayer/tikz/librarie
s/tikzlibraryfit.code.tex
File: tikzlibraryfit.code.tex 2019/04/04 v3.1.2 (3.1.2)
)
\c@defn=\count127
\c@lm=\count128
\c@thm=\count129
\c@coro=\count130
\c@prop=\count131
 (./report.aux)
\openout1 = `report.aux'.

LaTeX Font Info:    Checking defaults for OML/cmm/m/it on input line 32.
LaTeX Font Info:    ... okay on input line 32.
LaTeX Font Info:    Checking defaults for T1/cmr/m/n on input line 32.
LaTeX Font Info:    ... okay on input line 32.
LaTeX Font Info:    Checking defaults for OT1/cmr/m/n on input line 32.
LaTeX Font Info:    ... okay on input line 32.
LaTeX Font Info:    Checking defaults for OMS/cmsy/m/n on input line 32.
LaTeX Font Info:    ... okay on input line 32.
LaTeX Font Info:    Checking defaults for OMX/cmex/m/n on input line 32.
LaTeX Font Info:    ... okay on input line 32.
LaTeX Font Info:    Checking defaults for U/cmr/m/n on input line 32.
LaTeX Font Info:    ... okay on input line 32.

*geometry* driver: auto-detecting
*geometry* detected driver: pdftex
*geometry* verbose mode - [ preamble ] result:
* driver: pdftex
* paper: letterpaper
* layout: <same size as paper>
* layoutoffset:(h,v)=(0.0pt,0.0pt)
* modes: 
* h-part:(L,W,R)=(72.26999pt, 469.75502pt, 72.26999pt)
* v-part:(T,H,B)=(72.26999pt, 650.43001pt, 72.26999pt)
* \paperwidth=614.295pt
* \paperheight=794.96999pt
* \textwidth=469.75502pt
* \textheight=650.43001pt
* \oddsidemargin=0.0pt
* \evensidemargin=0.0pt
* \topmargin=-37.0pt
* \headheight=12.0pt
* \headsep=25.0pt
* \topskip=10.0pt
* \footskip=18.06749pt
* \marginparwidth=65.0pt
* \marginparsep=11.0pt
* \columnsep=10.0pt
* \skip\footins=9.0pt plus 4.0pt minus 2.0pt
* \hoffset=0.0pt
* \voffset=-36.135pt
* \mag=1000
* \@twocolumnfalse
* \@twosidefalse
* \@mparswitchfalse
* \@reversemarginfalse
* (1in=72.27pt=25.4mm, 1cm=28.453pt)

ABD: EveryShipout initializing macros
(/usr/local/texlive/2019/texmf-dist/tex/context/base/mkii/supp-pdf.mkii
[Loading MPS to PDF converter (version 2006.09.02).]
\scratchcounter=\count132
\scratchdimen=\dimen187
\scratchbox=\box65
\nofMPsegments=\count133
\nofMParguments=\count134
\everyMPshowfont=\toks40
\MPscratchCnt=\count135
\MPscratchDim=\dimen188
\MPnumerator=\count136
\makeMPintoPDFobject=\count137
\everyMPtoPDFconversion=\toks41
) (/usr/local/texlive/2019/texmf-dist/tex/latex/oberdiek/epstopdf-base.sty
Package: epstopdf-base 2016/05/15 v2.6 Base part for package epstopdf

(/usr/local/texlive/2019/texmf-dist/tex/generic/oberdiek/infwarerr.sty
Package: infwarerr 2016/05/16 v1.4 Providing info/warning/error messages (HO)
)
(/usr/local/texlive/2019/texmf-dist/tex/latex/oberdiek/grfext.sty
Package: grfext 2016/05/16 v1.2 Manage graphics extensions (HO)

(/usr/local/texlive/2019/texmf-dist/tex/generic/oberdiek/kvdefinekeys.sty
Package: kvdefinekeys 2016/05/16 v1.4 Define keys (HO)

(/usr/local/texlive/2019/texmf-dist/tex/generic/oberdiek/ltxcmds.sty
Package: ltxcmds 2016/05/16 v1.23 LaTeX kernel commands for general use (HO)
)))
(/usr/local/texlive/2019/texmf-dist/tex/latex/oberdiek/kvoptions.sty
Package: kvoptions 2016/05/16 v3.12 Key value format for package options (HO)

(/usr/local/texlive/2019/texmf-dist/tex/generic/oberdiek/kvsetkeys.sty
Package: kvsetkeys 2016/05/16 v1.17 Key value parser (HO)

(/usr/local/texlive/2019/texmf-dist/tex/generic/oberdiek/etexcmds.sty
Package: etexcmds 2016/05/16 v1.6 Avoid name clashes with e-TeX commands (HO)

(/usr/local/texlive/2019/texmf-dist/tex/generic/oberdiek/ifluatex.sty
Package: ifluatex 2016/05/16 v1.4 Provides the ifluatex switch (HO)
Package ifluatex Info: LuaTeX not detected.
))))
(/usr/local/texlive/2019/texmf-dist/tex/generic/oberdiek/pdftexcmds.sty
Package: pdftexcmds 2018/09/10 v0.29 Utility functions of pdfTeX for LuaTeX (HO
)
Package pdftexcmds Info: LuaTeX not detected.
Package pdftexcmds Info: \pdf@primitive is available.
Package pdftexcmds Info: \pdf@ifprimitive is available.
Package pdftexcmds Info: \pdfdraftmode found.
)
Package epstopdf-base Info: Redefining graphics rule for `.eps' on input line 4
38.
Package grfext Info: Graphics extension search list:
(grfext)             [.pdf,.png,.jpg,.mps,.jpeg,.jbig2,.jb2,.PDF,.PNG,.JPG,.JPE
G,.JBIG2,.JB2,.eps]
(grfext)             \AppendGraphicsExtensions on input line 456.

(/usr/local/texlive/2019/texmf-dist/tex/latex/latexconfig/epstopdf-sys.cfg
File: epstopdf-sys.cfg 2010/07/13 v1.3 Configuration of (r)epstopdf for TeX Liv
e
))
LaTeX Font Info:    Try loading font information for U+msa on input line 34.

(/usr/local/texlive/2019/texmf-dist/tex/latex/amsfonts/umsa.fd
File: umsa.fd 2013/01/14 v3.01 AMS symbols A
)
LaTeX Font Info:    Try loading font information for U+msb on input line 34.

(/usr/local/texlive/2019/texmf-dist/tex/latex/amsfonts/umsb.fd
File: umsb.fd 2013/01/14 v3.01 AMS symbols B
)
LaTeX Font Info:    Try loading font information for U+stmry on input line 34.

(/usr/local/texlive/2019/texmf-dist/tex/latex/stmaryrd/Ustmry.fd) [1

{/usr/local/texlive/2019/texmf-var/fonts/map/pdftex/updmap/pdftex.map}]
LaTeX Font Info:    Try loading font information for OMS+cmr on input line 72.

(/usr/local/texlive/2019/texmf-dist/tex/latex/base/omscmr.fd
File: omscmr.fd 2014/09/29 v2.5h Standard LaTeX font definitions
)
LaTeX Font Info:    Font shape `OMS/cmr/m/n' in size <10> not available
(Font)              Font shape `OMS/cmsy/m/n' tried instead on input line 72.
 [2]

LaTeX Font Warning: Font shape `OT1/cmss/m/it' in size <10> not available
(Font)              Font shape `OT1/cmss/m/sl' tried instead on input line 91.

[3]
LaTeX Font Info:    Try loading font information for U+euf on input line 153.
 (/usr/local/texlive/2019/texmf-dist/tex/latex/amsfonts/ueuf.fd
File: ueuf.fd 2013/01/14 v3.01 Euler Fraktur
) [4]
[5] [6] [7] [8] [9] [10] [11]
Overfull \hbox (18.0563pt too wide) in paragraph at lines 462--463
[]\OT1/cmr/m/n/10 It is straight-for-ward to check the map $[]$ that sends a li
st in $\OT1/cmr/m/it/10 l  \OMS/cmsy/m/n/10 2 [] \OT1/cmr/m/n/10 ([] [] \OT1/cm
r/m/it/10 w\OT1/cmr/m/n/10 )\OML/cmm/m/it/10 :[]:[]$
 []

[12] [13] [14] [15] [16] [17] [18] [19] [20]
Overfull \hbox (3.32793pt too wide) in paragraph at lines 843--844
[]\OT1/cmr/m/n/10 Recall we proved the con-di-tion for a propo-si-tional for-mu
la to hold as the lemma \OT1/cmtt/m/n/10 peval_-satis_-strengthen\OT1/cmr/m/n/1
0 ,
 []

[21] [22]
Overfull \hbox (174.60185pt too wide) in paragraph at lines 938--939
\OT1/cmr/m/n/10 on, so both these two for-mu-las are dis-junc-tion nor-mal form
 on $\OML/cmm/m/it/10 fs$\OT1/cmr/m/n/10 , but we can-not say $[] ([] ([] [] ([
] (\OMS/cmsy/m/n/10 :[][]\OT1/cmr/m/n/10 ) [])) ([] [] ([] (\OMS/cmsy/m/n/10 :[
][]\OT1/cmr/m/n/10 ) []))) \OT1/cmr/m/it/10 A$
 []

[23] [24] [25] [26] [27] [28]
Overfull \hbox (83.55118pt too wide) in paragraph at lines 1220--1221
[]\OT1/cmr/m/n/10 A dis-junc-tion of $[]$ for-mula is cap-tured by sets of lit-
eral sets. For in-stance, the set $\OMS/cmsy/m/n/10 ff\OT1/cmr/m/n/10 (\OML/cmm
/m/it/10 f[]; \OMS/cmsy/m/n/10 >\OT1/cmr/m/n/10 )\OML/cmm/m/it/10 ; \OT1/cmr/m/
n/10 (\OML/cmm/m/it/10 f[]; \OMS/cmsy/m/n/10 >\OT1/cmr/m/n/10 )\OMS/cmsy/m/n/10
 g\OML/cmm/m/it/10 ; \OMS/cmsy/m/n/10 f\OT1/cmr/m/n/10 (\OML/cmm/m/it/10 f[]; \
OMS/cmsy/m/n/10 ?\OT1/cmr/m/n/10 )\OML/cmm/m/it/10 ; \OT1/cmr/m/n/10 (\OML/cmm/
m/it/10 f[]; \OMS/cmsy/m/n/10 >\OT1/cmr/m/n/10 )\OMS/cmsy/m/n/10 gg$
 []

[29]
Overfull \hbox (27.47913pt too wide) in paragraph at lines 1246--1247
[]\OT1/cmr/m/n/10 For the im-pli-ca-tion from left to right, sup-pose both $[] 
\U/euf/m/n/10 M \OT1/cmr/m/it/10 w []$ \OT1/cmr/m/n/10 and $[] \U/euf/m/n/10 M 
\OT1/cmr/m/it/10 w \OT1/cmr/m/n/10 ([] []\OT1/cmr/m/it/10 c [][] [] c [] [] [] 
[] []\OT1/cmr/m/n/10 )$,
 []

[30] [31] [32] [33] [34] [35] [36] [37] [38] [39] [40] [41] [42] [43] [44]
Overfull \hbox (18.60094pt too wide) detected at line 1798
[]
 []

[45]
Overfull \hbox (1.00247pt too wide) detected at line 1857
[]
 []

[46] [47] [48] [49] [50]
Overfull \hbox (0.61987pt too wide) in paragraph at lines 2113--2114
[]\OT1/cmr/m/n/10 This is ac-tu-ally a spe-cial case of the fol-low-ing propo-s
i-tion, where $\OML/cmm/m/it/10 u$ \OT1/cmr/m/n/10 is taken as $[] \OT1/cmr/m/i
t/10 w \U/euf/m/n/10 M\OML/cmm/m/it/10 :[]:[]$\OT1/cmr/m/n/10 .
 []

[51]
Overfull \hbox (10.8508pt too wide) in paragraph at lines 2131--2132
\OT1/cmtt/m/n/10 theorem_-corollary\OT1/cmr/m/n/10 , there ex-ists an ul-tra-fi
l-ter $\OML/cmm/m/it/10 u[]$ \OT1/cmr/m/n/10 such that $\OT1/cmr/m/it/10 s  \OM
S/cmsy/m/n/10 [ []  [] []\OT1/cmr/m/it/10 w [][] w  \OMS/cmsy/m/n/10 2 [] \U/eu
f/m/n/10 M\OML/cmm/m/it/10 :[]:[]  \OMS/cmsy/m/n/10 ^ [] [] \U/euf/m/n/10 M \OT
1/cmr/m/it/10 w [] [] []  \OMS/cmsy/m/n/10 ^^R
 []

[52] [53] [54] [55] [56] [57] [58]
Overfull \hbox (7.22615pt too wide) in paragraph at lines 2377--2378
\OT1/cmr/m/n/10 a-lence class rep-re-sented by the func-tion that send-ing $\OM
L/cmm/m/it/10 i \OMS/cmsy/m/n/10 2 \OML/cmm/m/it/10 I$ \OT1/cmr/m/n/10 to $([] 
\OT1/cmr/m/it/10 i\OT1/cmr/m/n/10 )\OML/cmm/m/it/10 :[] \OT1/cmr/m/it/10 n \OT1
/cmr/m/n/10 ([] (\OML/cmm/m/it/10 ^^U [][]: [] [] \OT1/cmr/m/it/10 i\OT1/cmr/m/
n/10 ) [])$.
 []

[59]
Overfull \hbox (37.1904pt too wide) in paragraph at lines 2429--2432
\OT1/cmr/m/n/10 should prove $[]$=$[]$$\OT1/cmr/m/it/10 i$\OT1/cmtt/m/n/10 |$\O
T1/cmr/m/it/10 i$$\OMS/cmsy/m/n/10 2$\OT1/cmss/m/n/9 I$\OMS/cmsy/m/n/10 ^$\OT1/
cmr/m/n/10 ($[]$$\OT1/cmr/m/it/10 i$\OT1/cmr/m/n/10 ).\OT1/cmss/m/n/10 Pred$\OT
1/cmr/m/it/10 n$\OT1/cmr/m/n/10 (\OT1/cmss/m/n/9 MAP\OT1/cmr/m/n/10 ($\OML/cmm/
m/it/10 ^^U $$\OT1/cmr/m/it/10 x$\OT1/cmr/m/n/10 .\OT1/cmss/m/n/9 CHOICE\OT1/cm
r/m/n/10 (\OT1/cmss/m/n/9 termval\OT1/cmr/m/n/10 (\OT1/cmss/m/n/9 ultraproduct[
]-folmodel$\OT1/cmr/m/it/10 U$\OT1/cmss/m/n/9 I$[]$\OT1/cmr/m/n/10 )$\OML/cmm/m
/it/10 ^^[$$\OT1/cmr/m/it/10 x$\OT1/cmr/m/n/10 )$\OT1/cmr/m/it/10 i$\OT1/cmr/m/
n/10 )$\OT1/cmr/m/it/10 l$\OT1/cmr/m/n/10 )$[]$
 []

[60]
Overfull \hbox (42.92096pt too wide) in paragraph at lines 2433--2444
\OT1/cmss/m/n/9 MAP\OT1/cmr/m/n/10 ($\OML/cmm/m/it/10 ^^U $$\OT1/cmr/m/it/10 x$
\OT1/cmr/m/n/10 .\OT1/cmss/m/n/9 CHOICE\OT1/cmr/m/n/10 (\OT1/cmss/m/n/9 termval
\OT1/cmr/m/n/10 (\OT1/cmss/m/n/9 ultraproduct[]-folmodel$\OT1/cmr/m/it/10 U$\OT
1/cmss/m/n/9 I$[]$\OT1/cmr/m/n/10 )$\OML/cmm/m/it/10 ^^[$$\OT1/cmr/m/it/10 x$\O
T1/cmr/m/n/10 )$\OT1/cmr/m/it/10 i$\OT1/cmr/m/n/10 )$\OT1/cmr/m/it/10 l$\OT1/cm
r/m/n/10 =\OT1/cmss/m/n/9 MAP\OT1/cmr/m/n/10 (\OT1/cmss/m/n/9 termval\OT1/cmr/m
/n/10 ($[]$$\OT1/cmr/m/it/10 i$\OT1/cmr/m/n/10 )($\OML/cmm/m/it/10 ^^U $$\OT1/c
mr/m/it/10 x$\OT1/cmr/m/n/10 .\OT1/cmss/m/n/9 CHOICE\OT1/cmr/m/n/10 ($\OML/cmm/
m/it/10 ^^[$$\OT1/cmr/m/it/10 x$\OT1/cmr/m/n/10 )$\OT1/cmr/m/it/10 i$\OT1/cmr/m
/n/10 ))$\OT1/cmr/m/it/10 l$$[]$\OT1/cmr/m/n/10 ,
 []


Overfull \hbox (22.16023pt too wide) in paragraph at lines 2433--2444
[]$$[]$$\OT1/cmr/m/it/10 i$\OT1/cmtt/m/n/10 |$\OT1/cmr/m/it/10 i$$\OMS/cmsy/m/n
/10 2$\OT1/cmss/m/n/9 I$\OMS/cmsy/m/n/10 ^$\OT1/cmss/m/n/9 CHOICE\OT1/cmr/m/n/1
0 (\OT1/cmss/m/n/9 termval\OT1/cmr/m/n/10 (\OT1/cmss/m/n/9 ultraproduct[]-folmo
del$\OT1/cmr/m/it/10 U$\OT1/cmss/m/n/9 I$[]$\OT1/cmr/m/n/10 )$\OML/cmm/m/it/10 
^^[$$\OT1/cmr/m/it/10 a$\OT1/cmr/m/n/10 )$\OT1/cmr/m/it/10 i$\OT1/cmr/m/n/10 =\
OT1/cmss/m/n/9 termval\OT1/cmr/m/n/10 ($[]$$\OT1/cmr/m/it/10 i$\OT1/cmr/m/n/10 
)($\OML/cmm/m/it/10 ^^U $$\OT1/cmr/m/it/10 x$\OT1/cmr/m/n/10 .\OT1/cmss/m/n/9 C
HOICE\OT1/cmr/m/n/10 ($\OML/cmm/m/it/10 ^^[$$\OT1/cmr/m/it/10 x$\OT1/cmr/m/n/10
 )$\OT1/cmr/m/it/10 i$\OT1/cmr/m/n/10 )$\OT1/cmr/m/it/10 a$$[]$\OT1/cmtt/m/n/10
 | 
 []


Overfull \hbox (66.52954pt too wide) in paragraph at lines 2433--2444
[] \OT1/cmr/m/n/10 ([] \OT1/cmr/m/it/10 U [] []\OT1/cmr/m/n/10 ) \OML/cmm/m/it/
10 ^^[ \OT1/cmr/m/it/10 a$ \OT1/cmr/m/n/10 is the equiv-a-lence class rep-re-se
nts by $\OML/cmm/m/it/10 ^^U []\OT1/cmr/m/it/10 i\OML/cmm/m/it/10 : [] \OT1/cmr
/m/n/10 ([] \OT1/cmr/m/it/10 i\OT1/cmr/m/n/10 ) (\OML/cmm/m/it/10 ^^U []\OT1/cm
r/m/it/10 n\OML/cmm/m/it/10 : [] \OT1/cmr/m/n/10 (\OML/cmm/m/it/10 ^^[ \OT1/cmr
/m/it/10 n\OT1/cmr/m/n/10 ) \OT1/cmr/m/it/10 i\OT1/cmr/m/n/10 ) \OT1/cmr/m/it/1
0 a$\OT1/cmr/m/n/10 .
 []


Overfull \hbox (29.58675pt too wide) in paragraph at lines 2454--2455
[]\OT1/cmr/m/n/10 From right to left. It is straight-for-ward to check $[] []\O
T1/cmr/m/it/10 i [][] i  \OMS/cmsy/m/n/10 2 [] []  ^ [] [] \OT1/cmr/m/n/10 ([] 
\OT1/cmr/m/it/10 i\OT1/cmr/m/n/10 ) (\OML/cmm/m/it/10 ^^U []\OT1/cmr/m/it/10 x\
OML/cmm/m/it/10 : [] \OT1/cmr/m/n/10 (\OML/cmm/m/it/10 ^^[ \OT1/cmr/m/it/10 x\O
T1/cmr/m/n/10 ) \OT1/cmr/m/it/10 i\OT1/cmr/m/n/10 ) ([] \OT1/cmr/m/it/10 n []\O
T1/cmr/m/n/10 ) [] []$
 []

[61] [62] [63] [64] [65] [66]
Overfull \hbox (28.89801pt too wide) in paragraph at lines 2632--2639
\OT1/cmr/m/n/10 two con-di-tions are im-me-di-ate to check. It re-mains to show
 $[] []\OT1/cmr/m/it/10 i [][] i  \OMS/cmsy/m/n/10 2 [] [] \OT1/cmr/m/n/10 0  \
OMS/cmsy/m/n/10 ^ [] [] \OT1/cmr/m/n/10 ([] \OT1/cmr/m/it/10 i\OT1/cmr/m/n/10 )
 (\OML/cmm/m/it/10 ^^U []\OT1/cmr/m/it/10 v\OML/cmm/m/it/10 : [] \OT1/cmr/m/it/
10 v i\OT1/cmr/m/n/10 ) ([] \OT1/cmr/m/it/10 k\OT1/cmr/m/n/10 ) [] []  \OMS/cms
y/m/n/10 2
 []

[67] [68]
Overfull \hbox (85.42406pt too wide) in paragraph at lines 2708--2709
\OT1/cmr/m/n/10 In-ter-lude II. Then by \OT1/cmtt/m/n/10 lemma_-2_-73\OT1/cmr/m
/n/10 , the mod-els $[] ([] \OT1/cmr/m/it/10 U [] \OT1/cmr/m/n/10 (\OML/cmm/m/i
t/10 ^^U []\OT1/cmr/m/it/10 i\OML/cmm/m/it/10 : \U/euf/m/n/10 M\OT1/cmr/m/n/10 
))$, $[] ([] \OT1/cmr/m/it/10 U [] \OT1/cmr/m/n/10 (\OML/cmm/m/it/10 ^^U []\OT1
/cmr/m/it/10 i\OML/cmm/m/it/10 : \OT1/cmr/m/it/10 N\OT1/cmr/m/n/10 ))$
 []

[69] [70] [71]
Overfull \hbox (24.3107pt too wide) in paragraph at lines 2818--2822
[] \OT1/cmr/m/it/10 U [] \OT1/cmr/m/n/10 (\OML/cmm/m/it/10 ^^U []\OT1/cmr/m/it/
10 i\OML/cmm/m/it/10 : [] \OT1/cmr/m/it/10 N\OT1/cmr/m/n/10 )$ by $[]  =  [] []
[] [][] [] \OT1/cmr/m/it/10 U [] \OT1/cmr/m/n/10 ([] (\OML/cmm/m/it/10 ^^U []\O
T1/cmr/m/it/10 i\OML/cmm/m/it/10 : [] \U/euf/m/n/10 M\OT1/cmr/m/n/10 )) (\OML/c
mm/m/it/10 ^^U []\OT1/cmr/m/it/10 i\OML/cmm/m/it/10 : \OT1/cmr/m/it/10 w\OT1/cm
r/m/n/10 ) [] [] []$,
 []

[72] [73]
Overfull \hbox (11.34462pt too wide) in paragraph at lines 2920--2922
\OT1/cmtt/m/n/10 compactness_-corollary \OT1/cmr/m/n/10 proved by the last in-t
er-lude, if we can prove for any model $\U/euf/m/n/10 M$ \OT1/cmr/m/n/10 and $\
OT1/cmr/m/it/10 w  \OMS/cmsy/m/n/10 2 [] \U/euf/m/n/10 M\OML/cmm/m/it/10 :[]:[]
$\OT1/cmr/m/n/10 ,
 []

[74] [75] (./dependency.tex
Overfull \hbox (3.53151pt too wide) in paragraph at lines 37--37
[][]\OT1/cmss/m/n/9 Irreducibles  
 []


Overfull \hbox (46.69156pt too wide) in paragraph at lines 64--64
[]  
 []


Overfull \hbox (28.33347pt too wide) in paragraph at lines 70--70
[][]\OT1/cmr/m/n/10 [polyh/h]Q 
 []


Overfull \hbox (2.05191pt too wide) in paragraph at lines 71--71
[][]\OT1/cmss/m/n/9 Proof  
 []


LaTeX Warning: Reference `cha:introduction' on page 76 undefined on input line 
93.


LaTeX Warning: Reference `cha:basic-algebra' on page 76 undefined on input line
 96.


LaTeX Warning: Reference `cha:aks-algorithm' on page 76 undefined on input line
 99.


LaTeX Warning: Reference `cha:advanced-algebra' on page 76 undefined on input l
ine 102.


LaTeX Warning: Reference `cha:aks-main-theorem' on page 76 undefined on input l
ine 105.


LaTeX Warning: Reference `cha:complexity-models' on page 76 undefined on input 
line 108.


LaTeX Warning: Reference `cha:aks-complexity' on page 76 undefined on input lin
e 111.


LaTeX Warning: Reference `cha:conclusion' on page 76 undefined on input line 11
4.


Overfull \hbox (2.76059pt too wide) in paragraph at lines 171--171
[][]\OT1/cmss/m/n/7 FLT  
 []


Overfull \hbox (14.44452pt too wide) in paragraph at lines 187--187
[][]\OT1/cmr/m/n/10 polyh  
 []

) [76] [77] (./report.aux)

LaTeX Warning: There were undefined references.

 ) 
Here is how much of TeX's memory you used:
 16519 strings out of 492616
 337707 string characters out of 6129481
 455546 words of memory out of 5000000
 20079 multiletter control sequences out of 15000+600000
 18870 words of font info for 75 fonts, out of 8000000 for 9000
 1141 hyphenation exceptions out of 8191
 55i,15n,71p,3375b,936s stack positions out of 5000i,500n,10000p,200000b,80000s
</usr/local/texlive/2019/texmf-dist/fonts/type1/public/amsfonts/cm/cmbx10.pfb
></usr/local/texlive/2019/texmf-dist/fonts/type1/public/amsfonts/cm/cmbx12.pfb>
</usr/local/texlive/2019/texmf-dist/fonts/type1/public/amsfonts/cm/cmbx9.pfb></
usr/local/texlive/2019/texmf-dist/fonts/type1/public/amsfonts/cm/cmex10.pfb></u
sr/local/texlive/2019/texmf-dist/fonts/type1/public/amsfonts/cm/cmitt10.pfb></u
sr/local/texlive/2019/texmf-dist/fonts/type1/public/amsfonts/cm/cmmi10.pfb></us
r/local/texlive/2019/texmf-dist/fonts/type1/public/amsfonts/cm/cmmi7.pfb></usr/
local/texlive/2019/texmf-dist/fonts/type1/public/amsfonts/cm/cmr10.pfb></usr/lo
cal/texlive/2019/texmf-dist/fonts/type1/public/amsfonts/cm/cmr12.pfb></usr/loca
l/texlive/2019/texmf-dist/fonts/type1/public/amsfonts/cm/cmr17.pfb></usr/local/
texlive/2019/texmf-dist/fonts/type1/public/amsfonts/cm/cmr5.pfb></usr/local/tex
live/2019/texmf-dist/fonts/type1/public/amsfonts/cm/cmr7.pfb></usr/local/texliv
e/2019/texmf-dist/fonts/type1/public/amsfonts/cm/cmsltt10.pfb></usr/local/texli
ve/2019/texmf-dist/fonts/type1/public/amsfonts/cm/cmss10.pfb></usr/local/texliv
e/2019/texmf-dist/fonts/type1/public/amsfonts/cm/cmss8.pfb></usr/local/texlive/
2019/texmf-dist/fonts/type1/public/amsfonts/cm/cmss9.pfb></usr/local/texlive/20
19/texmf-dist/fonts/type1/public/amsfonts/cm/cmssi10.pfb></usr/local/texlive/20
19/texmf-dist/fonts/type1/public/amsfonts/cm/cmsy10.pfb></usr/local/texlive/201
9/texmf-dist/fonts/type1/public/amsfonts/cm/cmsy7.pfb></usr/local/texlive/2019/
texmf-dist/fonts/type1/public/amsfonts/cm/cmti10.pfb></usr/local/texlive/2019/t
exmf-dist/fonts/type1/public/amsfonts/cm/cmti7.pfb></usr/local/texlive/2019/tex
mf-dist/fonts/type1/public/amsfonts/cm/cmtt10.pfb></usr/local/texlive/2019/texm
f-dist/fonts/type1/public/amsfonts/euler/eufm10.pfb></usr/local/texlive/2019/te
xmf-dist/fonts/type1/public/amsfonts/symbols/msam10.pfb></usr/local/texlive/201
9/texmf-dist/fonts/type1/public/amsfonts/symbols/msbm10.pfb></usr/local/texlive
/2019/texmf-dist/fonts/type1/public/amsfonts/symbols/msbm7.pfb></usr/local/texl
ive/2019/texmf-dist/fonts/type1/public/stmaryrd/stmary10.pfb>
Output written on report.pdf (77 pages, 533997 bytes).
PDF statistics:
 365 PDF objects out of 1000 (max. 8388607)
 256 compressed objects within 3 object streams
 0 named destinations out of 1000 (max. 500000)
 13 words of extra memory for PDF output out of 10000 (max. 10000000)

